--- Copying files at Fri May 24 13:51:06 UTC 2019
--- Copying files at Fri May 24 15:07:11 UTC 2019
--- Copying files at Fri May 24 15:15:08 UTC 2019
--- Copying files at Fri May 24 15:17:19 UTC 2019
--- Copying files at Wed May 29 05:55:19 UTC 2019
--- Copying files at Wed May 29 06:04:40 UTC 2019
--- Copying files at Wed May 29 07:03:28 UTC 2019
--- Copying files at Wed May 29 07:34:28 UTC 2019
--- Copying files at Tue Jun 11 08:20:48 UTC 2019
--- Copying files at Mon Jul  1 01:35:56 UTC 2019
--- Copying files at Thu Jul  4 00:54:51 UTC 2019
--- Copying files at Tue Aug  6 02:04:31 UTC 2019
--- Copying files at Thu Aug 22 05:31:45 UTC 2019
--- Copying files at Thu Aug 29 02:19:20 UTC 2019
--- Copying files at Tue Sep 10 07:55:54 UTC 2019
--- Copying files at Tue Oct 15 01:34:10 UTC 2019
--- Copying files at Tue Oct 29 01:31:05 UTC 2019
--- Copying files at Wed Nov 13 03:56:02 UTC 2019
--- Copying files at Mon Nov 18 00:09:05 UTC 2019
--- Copying files at Wed Nov 27 14:04:46 UTC 2019
--- Copying files at Wed Nov 27 14:58:17 UTC 2019
--- Copying files at Tue Dec  3 01:36:58 UTC 2019
--- Copying files at Tue Dec  3 01:44:16 UTC 2019
--- Copying files at Tue Dec  3 01:59:31 UTC 2019
--- Copying files at Tue Dec 17 01:19:26 UTC 2019
--- Copying files at Tue Dec 17 01:26:22 UTC 2019
--- Copying files at Tue Dec 17 01:38:12 UTC 2019
--- Copying files at Mon Dec 23 00:18:01 UTC 2019
--- Copying files at Mon Jan 13 07:39:36 UTC 2020
--- Copying files at Thu Jan 16 01:13:28 UTC 2020
--- Copying files at Mon Feb  3 01:05:30 UTC 2020
--- Copying files at Mon Feb 24 02:01:21 UTC 2020
--- Copying files at Wed Mar  4 04:22:14 UTC 2020
--- Copying files at Wed Mar 11 05:24:28 UTC 2020
--- Copying files at Tue Mar 17 09:05:53 UTC 2020
--- Copying files at Tue Mar 17 09:19:05 UTC 2020
--- Copying files at Wed Mar 18 01:42:59 UTC 2020
--- Copying files at Wed Mar 18 01:49:52 UTC 2020
--- Copying files at Mon Mar 23 06:50:15 UTC 2020
--- Copying files at Fri Mar 27 02:35:08 UTC 2020
--- Copying files at Fri Apr 24 08:22:45 UTC 2020
--- Copying files at Mon Apr 27 00:36:52 UTC 2020
--- Copying files at Wed Apr 29 00:27:17 UTC 2020
--- Copying files at Tue May 26 05:24:53 UTC 2020
--- Copying files at Tue May 26 05:28:58 UTC 2020
--- Copying files at Tue May 26 05:31:31 UTC 2020
--- Copying files at Tue May 26 07:24:21 UTC 2020
--- Copying files at Tue May 26 07:24:21 UTC 2020
--- Copying files at Tue May 26 07:27:19 UTC 2020
--- Copying files at Tue May 26 10:01:26 UTC 2020
--- Copying files at Tue May 26 10:01:26 UTC 2020
--- Copying files at Tue May 26 10:04:26 UTC 2020
--- Copying files at Tue May 26 10:04:26 UTC 2020
--- Copying files at Wed May 27 01:33:03 UTC 2020
--- Copying files at Wed May 27 01:33:03 UTC 2020
--- Copying files at Wed May 27 01:39:18 UTC 2020
--- Copying files at Wed May 27 01:39:18 UTC 2020
--- Copying files at Wed May 27 03:59:54 UTC 2020
--- Copying files at Wed May 27 03:59:54 UTC 2020
--- Copying files at Wed May 27 04:16:35 UTC 2020
--- Copying files at Wed May 27 04:16:35 UTC 2020
